# JRE version: OpenJDK Runtime Environment Microsoft-11369865 (17.0.15+6) (build 17.0.15+6-LTS)
# Java VM: OpenJDK 64-Bit Server VM Microsoft-11369865 (17.0.15+6-LTS, mixed mode, sharing, tiered, compressed oops, compressed class ptrs, g1 gc, windows-amd64)
GC Precious Log:
 CPUs: 12 total, 12 available
 Memory: 7835M
 Large Page Support: Disabled
 NUMA Support: Disabled
 Compressed Oops: Enabled (Zero based)
 Heap Region Size: 2M
 Heap Min Capacity: 8M
 Heap Initial Capacity: 124M
 Heap Max Capacity: 3G
 Pre-touch: Disabled
 Parallel Workers: 10
 Concurrent Workers: 3
 Concurrent Refinement Workers: 10
 Periodic GC: Disabled
Heap:
 garbage-first heap   total 585728K, used 474711K [0x0000000740000000, 0x0000000800000000)
  region size 2048K, 52 young (106496K), 6 survivors (12288K)
 Metaspace       used 122531K, committed 124736K, reserved 770048K
  class space    used 17002K, committed 17984K, reserved 638976K
GC Heap History (20 events):
Event: 33.428 GC heap before
{Heap before GC invocations=57 (full 0):
 garbage-first heap   total 479232K, used 392450K [0x0000000740000000, 0x0000000800000000)
  region size 2048K, 56 young (114688K), 3 survivors (6144K)
 Metaspace       used 107928K, committed 109632K, reserved 770048K
  class space    used 15079K, committed 15808K, reserved 638976K
}
Event: 33.436 GC heap after
{Heap after GC invocations=58 (full 0):
 garbage-first heap   total 479232K, used 296960K [0x0000000740000000, 0x0000000800000000)
  region size 2048K, 7 young (14336K), 7 survivors (14336K)
 Metaspace       used 107928K, committed 109632K, reserved 770048K
  class space    used 15079K, committed 15808K, reserved 638976K
}
Event: 33.632 GC heap before
{Heap before GC invocations=58 (full 0):
 garbage-first heap   total 479232K, used 393216K [0x0000000740000000, 0x0000000800000000)
  region size 2048K, 55 young (112640K), 7 survivors (14336K)
 Metaspace       used 107928K, committed 109632K, reserved 770048K
  class space    used 15079K, committed 15808K, reserved 638976K
}
Event: 33.641 GC heap after
{Heap after GC invocations=59 (full 0):
 garbage-first heap   total 479232K, used 299698K [0x0000000740000000, 0x0000000800000000)
  region size 2048K, 2 young (4096K), 2 survivors (4096K)
 Metaspace       used 107928K, committed 109632K, reserved 770048K
  class space    used 15079K, committed 15808K, reserved 638976K
}
Event: 34.912 GC heap before
{Heap before GC invocations=59 (full 0):
 garbage-first heap   total 479232K, used 398002K [0x0000000740000000, 0x0000000800000000)
  region size 2048K, 51 young (104448K), 2 survivors (4096K)
 Metaspace       used 109771K, committed 111616K, reserved 770048K
  class space    used 15305K, committed 16128K, reserved 638976K
}
Event: 34.922 GC heap after
{Heap after GC invocations=60 (full 0):
 garbage-first heap   total 479232K, used 313825K [0x0000000740000000, 0x0000000800000000)
  region size 2048K, 7 young (14336K), 7 survivors (14336K)
 Metaspace       used 109771K, committed 111616K, reserved 770048K
  class space    used 15305K, committed 16128K, reserved 638976K
}
Event: 35.357 GC heap before
{Heap before GC invocations=60 (full 0):
 garbage-first heap   total 479232K, used 393697K [0x0000000740000000, 0x0000000800000000)
  region size 2048K, 47 young (96256K), 7 survivors (14336K)
 Metaspace       used 109866K, committed 111680K, reserved 770048K
  class space    used 15318K, committed 16128K, reserved 638976K
}
Event: 35.367 GC heap after
{Heap after GC invocations=61 (full 0):
 garbage-first heap   total 479232K, used 320210K [0x0000000740000000, 0x0000000800000000)
  region size 2048K, 4 young (8192K), 4 survivors (8192K)
 Metaspace       used 109866K, committed 111680K, reserved 770048K
  class space    used 15318K, committed 16128K, reserved 638976K
}
Event: 35.495 GC heap before
{Heap before GC invocations=61 (full 0):
 garbage-first heap   total 479232K, used 395986K [0x0000000740000000, 0x0000000800000000)
  region size 2048K, 42 young (86016K), 4 survivors (8192K)
 Metaspace       used 109866K, committed 111680K, reserved 770048K
  class space    used 15318K, committed 16128K, reserved 638976K
}
Event: 35.501 GC heap after
{Heap after GC invocations=62 (full 0):
 garbage-first heap   total 479232K, used 321861K [0x0000000740000000, 0x0000000800000000)
  region size 2048K, 2 young (4096K), 2 survivors (4096K)
 Metaspace       used 109866K, committed 111680K, reserved 770048K
  class space    used 15318K, committed 16128K, reserved 638976K
}
Event: 35.824 GC heap before
{Heap before GC invocations=62 (full 0):
 garbage-first heap   total 479232K, used 399685K [0x0000000740000000, 0x0000000800000000)
  region size 2048K, 41 young (83968K), 2 survivors (4096K)
 Metaspace       used 109985K, committed 111808K, reserved 770048K
  class space    used 15335K, committed 16128K, reserved 638976K
}
Event: 35.830 GC heap after
{Heap after GC invocations=63 (full 0):
 garbage-first heap   total 585728K, used 328603K [0x0000000740000000, 0x0000000800000000)
  region size 2048K, 6 young (12288K), 6 survivors (12288K)
 Metaspace       used 109985K, committed 111808K, reserved 770048K
  class space    used 15335K, committed 16128K, reserved 638976K
}
Event: 36.952 GC heap before
{Heap before GC invocations=63 (full 0):
 garbage-first heap   total 585728K, used 484251K [0x0000000740000000, 0x0000000800000000)
  region size 2048K, 83 young (169984K), 6 survivors (12288K)
 Metaspace       used 111852K, committed 113664K, reserved 770048K
  class space    used 15584K, committed 16384K, reserved 638976K
}
Event: 36.972 GC heap after
{Heap after GC invocations=64 (full 0):
 garbage-first heap   total 585728K, used 339812K [0x0000000740000000, 0x0000000800000000)
  region size 2048K, 11 young (22528K), 11 survivors (22528K)
 Metaspace       used 111852K, committed 113664K, reserved 770048K
  class space    used 15584K, committed 16384K, reserved 638976K
}
Event: 38.836 GC heap before
{Heap before GC invocations=64 (full 0):
 garbage-first heap   total 585728K, used 483172K [0x0000000740000000, 0x0000000800000000)
  region size 2048K, 82 young (167936K), 11 survivors (22528K)
 Metaspace       used 119174K, committed 121088K, reserved 770048K
  class space    used 16548K, committed 17408K, reserved 638976K
}
Event: 38.857 GC heap after
{Heap after GC invocations=65 (full 0):
 garbage-first heap   total 585728K, used 360568K [0x0000000740000000, 0x0000000800000000)
  region size 2048K, 11 young (22528K), 11 survivors (22528K)
 Metaspace       used 119174K, committed 121088K, reserved 770048K
  class space    used 16548K, committed 17408K, reserved 638976K
}
Event: 39.910 GC heap before
{Heap before GC invocations=65 (full 0):
 garbage-first heap   total 585728K, used 479352K [0x0000000740000000, 0x0000000800000000)
  region size 2048K, 69 young (141312K), 11 survivors (22528K)
 Metaspace       used 121057K, committed 123072K, reserved 770048K
  class space    used 16779K, committed 17664K, reserved 638976K
}
Event: 39.926 GC heap after
{Heap after GC invocations=66 (full 0):
 garbage-first heap   total 585728K, used 371316K [0x0000000740000000, 0x0000000800000000)
  region size 2048K, 5 young (10240K), 5 survivors (10240K)
 Metaspace       used 121057K, committed 123072K, reserved 770048K
  class space    used 16779K, committed 17664K, reserved 638976K
}
Event: 40.640 GC heap before
{Heap before GC invocations=66 (full 0):
 garbage-first heap   total 585728K, used 486004K [0x0000000740000000, 0x0000000800000000)
  region size 2048K, 61 young (124928K), 5 survivors (10240K)
 Metaspace       used 121775K, committed 123904K, reserved 770048K
  class space    used 16882K, committed 17792K, reserved 638976K
}
Event: 40.659 GC heap after
{Heap after GC invocations=67 (full 0):
 garbage-first heap   total 585728K, used 382551K [0x0000000740000000, 0x0000000800000000)
  region size 2048K, 6 young (12288K), 6 survivors (12288K)
 Metaspace       used 121775K, committed 123904K, reserved 770048K
  class space    used 16882K, committed 17792K, reserved 638976K
}

