# JRE version: OpenJDK Runtime Environment Microsoft-11369865 (17.0.15+6) (build 17.0.15+6-LTS)
# Java VM: OpenJDK 64-Bit Server VM Microsoft-11369865 (17.0.15+6-LTS, mixed mode, sharing, tiered, compressed oops, compressed class ptrs, g1 gc, windows-amd64)
GC Precious Log:
 CPUs: 12 total, 12 available
 Memory: 7835M
 Large Page Support: Disabled
 NUMA Support: Disabled
 Compressed Oops: Enabled (Zero based)
 Heap Region Size: 2M
 Heap Min Capacity: 8M
 Heap Initial Capacity: 124M
 Heap Max Capacity: 3G
 Pre-touch: Disabled
 Parallel Workers: 10
 Concurrent Workers: 3
 Concurrent Refinement Workers: 10
 Periodic GC: Disabled
Heap:
 garbage-first heap   total 389120K, used 252889K [0x0000000740000000, 0x0000000800000000)
  region size 2048K, 13 young (26624K), 3 survivors (6144K)
 Metaspace       used 105873K, committed 107328K, reserved 770048K
  class space    used 14813K, committed 15488K, reserved 638976K
GC Heap History (20 events):
Event: 56.236 GC heap before
{Heap before GC invocations=61 (full 0):
 garbage-first heap   total 268288K, used 218849K [0x0000000740000000, 0x0000000800000000)
  region size 2048K, 19 young (38912K), 3 survivors (6144K)
 Metaspace       used 104291K, committed 105472K, reserved 770048K
  class space    used 14597K, committed 15168K, reserved 638976K
}
Event: 56.242 GC heap after
{Heap after GC invocations=62 (full 0):
 garbage-first heap   total 268288K, used 190731K [0x0000000740000000, 0x0000000800000000)
  region size 2048K, 2 young (4096K), 2 survivors (4096K)
 Metaspace       used 104291K, committed 105472K, reserved 770048K
  class space    used 14597K, committed 15168K, reserved 638976K
}
Event: 56.376 GC heap before
{Heap before GC invocations=62 (full 0):
 garbage-first heap   total 268288K, used 219403K [0x0000000740000000, 0x0000000800000000)
  region size 2048K, 17 young (34816K), 2 survivors (4096K)
 Metaspace       used 104291K, committed 105472K, reserved 770048K
  class space    used 14597K, committed 15168K, reserved 638976K
}
Event: 56.380 GC heap after
{Heap after GC invocations=63 (full 0):
 garbage-first heap   total 268288K, used 191297K [0x0000000740000000, 0x0000000800000000)
  region size 2048K, 2 young (4096K), 2 survivors (4096K)
 Metaspace       used 104291K, committed 105472K, reserved 770048K
  class space    used 14597K, committed 15168K, reserved 638976K
}
Event: 57.404 GC heap before
{Heap before GC invocations=63 (full 0):
 garbage-first heap   total 268288K, used 228161K [0x0000000740000000, 0x0000000800000000)
  region size 2048K, 18 young (36864K), 2 survivors (4096K)
 Metaspace       used 104490K, committed 105728K, reserved 770048K
  class space    used 14622K, committed 15232K, reserved 638976K
}
Event: 57.411 GC heap after
{Heap after GC invocations=64 (full 0):
 garbage-first heap   total 323584K, used 203999K [0x0000000740000000, 0x0000000800000000)
  region size 2048K, 3 young (6144K), 3 survivors (6144K)
 Metaspace       used 104490K, committed 105728K, reserved 770048K
  class space    used 14622K, committed 15232K, reserved 638976K
}
Event: 57.769 GC heap before
{Heap before GC invocations=64 (full 0):
 garbage-first heap   total 323584K, used 261343K [0x0000000740000000, 0x0000000800000000)
  region size 2048K, 32 young (65536K), 3 survivors (6144K)
 Metaspace       used 104491K, committed 105728K, reserved 770048K
  class space    used 14622K, committed 15232K, reserved 638976K
}
Event: 57.777 GC heap after
{Heap after GC invocations=65 (full 0):
 garbage-first heap   total 323584K, used 208677K [0x0000000740000000, 0x0000000800000000)
  region size 2048K, 3 young (6144K), 3 survivors (6144K)
 Metaspace       used 104491K, committed 105728K, reserved 770048K
  class space    used 14622K, committed 15232K, reserved 638976K
}
Event: 58.686 GC heap before
{Heap before GC invocations=65 (full 0):
 garbage-first heap   total 323584K, used 266021K [0x0000000740000000, 0x0000000800000000)
  region size 2048K, 31 young (63488K), 3 survivors (6144K)
 Metaspace       used 104749K, committed 105984K, reserved 770048K
  class space    used 14663K, committed 15232K, reserved 638976K
}
Event: 58.692 GC heap after
{Heap after GC invocations=66 (full 0):
 garbage-first heap   total 323584K, used 216330K [0x0000000740000000, 0x0000000800000000)
  region size 2048K, 4 young (8192K), 4 survivors (8192K)
 Metaspace       used 104749K, committed 105984K, reserved 770048K
  class space    used 14663K, committed 15232K, reserved 638976K
}
Event: 58.950 GC heap before
{Heap before GC invocations=66 (full 0):
 garbage-first heap   total 323584K, used 265482K [0x0000000740000000, 0x0000000800000000)
  region size 2048K, 29 young (59392K), 4 survivors (8192K)
 Metaspace       used 104749K, committed 105984K, reserved 770048K
  class space    used 14663K, committed 15232K, reserved 638976K
}
Event: 58.956 GC heap after
{Heap after GC invocations=67 (full 0):
 garbage-first heap   total 323584K, used 218191K [0x0000000740000000, 0x0000000800000000)
  region size 2048K, 2 young (4096K), 2 survivors (4096K)
 Metaspace       used 104749K, committed 105984K, reserved 770048K
  class space    used 14663K, committed 15232K, reserved 638976K
}
Event: 60.103 GC heap before
{Heap before GC invocations=67 (full 0):
 garbage-first heap   total 323584K, used 267343K [0x0000000740000000, 0x0000000800000000)
  region size 2048K, 27 young (55296K), 2 survivors (4096K)
 Metaspace       used 105642K, committed 107008K, reserved 770048K
  class space    used 14783K, committed 15424K, reserved 638976K
}
Event: 60.111 GC heap after
{Heap after GC invocations=68 (full 0):
 garbage-first heap   total 323584K, used 227448K [0x0000000740000000, 0x0000000800000000)
  region size 2048K, 4 young (8192K), 4 survivors (8192K)
 Metaspace       used 105642K, committed 107008K, reserved 770048K
  class space    used 14783K, committed 15424K, reserved 638976K
}
Event: 60.473 GC heap before
{Heap before GC invocations=68 (full 0):
 garbage-first heap   total 323584K, used 264312K [0x0000000740000000, 0x0000000800000000)
  region size 2048K, 23 young (47104K), 4 survivors (8192K)
 Metaspace       used 105708K, committed 107072K, reserved 770048K
  class space    used 14793K, committed 15424K, reserved 638976K
}
Event: 60.482 GC heap after
{Heap after GC invocations=69 (full 0):
 garbage-first heap   total 323584K, used 232521K [0x0000000740000000, 0x0000000800000000)
  region size 2048K, 3 young (6144K), 3 survivors (6144K)
 Metaspace       used 105708K, committed 107072K, reserved 770048K
  class space    used 14793K, committed 15424K, reserved 638976K
}
Event: 60.599 GC heap before
{Heap before GC invocations=69 (full 0):
 garbage-first heap   total 323584K, used 267337K [0x0000000740000000, 0x0000000800000000)
  region size 2048K, 21 young (43008K), 3 survivors (6144K)
 Metaspace       used 105708K, committed 107072K, reserved 770048K
  class space    used 14793K, committed 15424K, reserved 638976K
}
Event: 60.605 GC heap after
{Heap after GC invocations=70 (full 0):
 garbage-first heap   total 323584K, used 233839K [0x0000000740000000, 0x0000000800000000)
  region size 2048K, 2 young (4096K), 2 survivors (4096K)
 Metaspace       used 105708K, committed 107072K, reserved 770048K
  class space    used 14793K, committed 15424K, reserved 638976K
}
Event: 61.208 GC heap before
{Heap before GC invocations=70 (full 0):
 garbage-first heap   total 323584K, used 268655K [0x0000000740000000, 0x0000000800000000)
  region size 2048K, 20 young (40960K), 2 survivors (4096K)
 Metaspace       used 105842K, committed 107264K, reserved 770048K
  class space    used 14813K, committed 15488K, reserved 638976K
}
Event: 61.213 GC heap after
{Heap after GC invocations=71 (full 0):
 garbage-first heap   total 389120K, used 236505K [0x0000000740000000, 0x0000000800000000)
  region size 2048K, 3 young (6144K), 3 survivors (6144K)
 Metaspace       used 105842K, committed 107264K, reserved 770048K
  class space    used 14813K, committed 15488K, reserved 638976K
}

