# JRE version: OpenJDK Runtime Environment Microsoft-11369865 (17.0.15+6) (build 17.0.15+6-LTS)
# Java VM: OpenJDK 64-Bit Server VM Microsoft-11369865 (17.0.15+6-LTS, mixed mode, sharing, tiered, compressed oops, compressed class ptrs, g1 gc, windows-amd64)
GC Precious Log:
 CPUs: 12 total, 12 available
 Memory: 7835M
 Large Page Support: Disabled
 NUMA Support: Disabled
 Compressed Oops: Enabled (Zero based)
 Heap Region Size: 2M
 Heap Min Capacity: 8M
 Heap Initial Capacity: 124M
 Heap Max Capacity: 3G
 Pre-touch: Disabled
 Parallel Workers: 10
 Concurrent Workers: 3
 Concurrent Refinement Workers: 10
 Periodic GC: Disabled
Heap:
 garbage-first heap   total 192512K, used 41297K [0x0000000740000000, 0x0000000800000000)
  region size 2048K, 6 young (12288K), 5 survivors (10240K)
 Metaspace       used 52210K, committed 52800K, reserved 704512K
  class space    used 7396K, committed 7616K, reserved 638976K
GC Heap History (20 events):
Event: 2.997 GC heap before
{Heap before GC invocations=2 (full 0):
 garbage-first heap   total 126976K, used 60933K [0x0000000740000000, 0x0000000800000000)
  region size 2048K, 28 young (57344K), 3 survivors (6144K)
 Metaspace       used 5364K, committed 5504K, reserved 704512K
  class space    used 710K, committed 768K, reserved 638976K
}
Event: 3.009 GC heap after
{Heap after GC invocations=3 (full 0):
 garbage-first heap   total 126976K, used 17234K [0x0000000740000000, 0x0000000800000000)
  region size 2048K, 3 young (6144K), 3 survivors (6144K)
 Metaspace       used 5364K, committed 5504K, reserved 704512K
  class space    used 710K, committed 768K, reserved 638976K
}
Event: 5.249 GC heap before
{Heap before GC invocations=3 (full 0):
 garbage-first heap   total 126976K, used 80722K [0x0000000740000000, 0x0000000800000000)
  region size 2048K, 35 young (71680K), 3 survivors (6144K)
 Metaspace       used 16804K, committed 17088K, reserved 704512K
  class space    used 2366K, committed 2496K, reserved 638976K
}
Event: 5.257 GC heap after
{Heap after GC invocations=4 (full 0):
 garbage-first heap   total 126976K, used 21975K [0x0000000740000000, 0x0000000800000000)
  region size 2048K, 5 young (10240K), 5 survivors (10240K)
 Metaspace       used 16804K, committed 17088K, reserved 704512K
  class space    used 2366K, committed 2496K, reserved 638976K
}
Event: 6.666 GC heap before
{Heap before GC invocations=4 (full 0):
 garbage-first heap   total 126976K, used 60887K [0x0000000740000000, 0x0000000800000000)
  region size 2048K, 25 young (51200K), 5 survivors (10240K)
 Metaspace       used 21188K, committed 21504K, reserved 704512K
  class space    used 3076K, committed 3264K, reserved 638976K
}
Event: 6.673 GC heap after
{Heap after GC invocations=5 (full 0):
 garbage-first heap   total 126976K, used 25123K [0x0000000740000000, 0x0000000800000000)
  region size 2048K, 4 young (8192K), 4 survivors (8192K)
 Metaspace       used 21188K, committed 21504K, reserved 704512K
  class space    used 3076K, committed 3264K, reserved 638976K
}
Event: 8.408 GC heap before
{Heap before GC invocations=6 (full 0):
 garbage-first heap   total 96256K, used 72227K [0x0000000740000000, 0x0000000800000000)
  region size 2048K, 28 young (57344K), 4 survivors (8192K)
 Metaspace       used 29428K, committed 29824K, reserved 704512K
  class space    used 4107K, committed 4288K, reserved 638976K
}
Event: 8.416 GC heap after
{Heap after GC invocations=7 (full 0):
 garbage-first heap   total 96256K, used 29215K [0x0000000740000000, 0x0000000800000000)
  region size 2048K, 4 young (8192K), 4 survivors (8192K)
 Metaspace       used 29428K, committed 29824K, reserved 704512K
  class space    used 4107K, committed 4288K, reserved 638976K
}
Event: 8.479 GC heap before
{Heap before GC invocations=7 (full 0):
 garbage-first heap   total 96256K, used 31263K [0x0000000740000000, 0x0000000800000000)
  region size 2048K, 5 young (10240K), 4 survivors (8192K)
 Metaspace       used 29567K, committed 29952K, reserved 704512K
  class space    used 4124K, committed 4288K, reserved 638976K
}
Event: 8.485 GC heap after
{Heap after GC invocations=8 (full 0):
 garbage-first heap   total 96256K, used 29867K [0x0000000740000000, 0x0000000800000000)
  region size 2048K, 1 young (2048K), 1 survivors (2048K)
 Metaspace       used 29567K, committed 29952K, reserved 704512K
  class space    used 4124K, committed 4288K, reserved 638976K
}
Event: 9.463 GC heap before
{Heap before GC invocations=8 (full 0):
 garbage-first heap   total 96256K, used 72875K [0x0000000740000000, 0x0000000800000000)
  region size 2048K, 21 young (43008K), 1 survivors (2048K)
 Metaspace       used 32944K, committed 33408K, reserved 704512K
  class space    used 4547K, committed 4800K, reserved 638976K
}
Event: 9.468 GC heap after
{Heap after GC invocations=9 (full 0):
 garbage-first heap   total 96256K, used 31838K [0x0000000740000000, 0x0000000800000000)
  region size 2048K, 2 young (4096K), 2 survivors (4096K)
 Metaspace       used 32944K, committed 33408K, reserved 704512K
  class space    used 4547K, committed 4800K, reserved 638976K
}
Event: 10.205 GC heap before
{Heap before GC invocations=9 (full 0):
 garbage-first heap   total 96256K, used 54366K [0x0000000740000000, 0x0000000800000000)
  region size 2048K, 14 young (28672K), 2 survivors (4096K)
 Metaspace       used 35561K, committed 35968K, reserved 704512K
  class space    used 4930K, committed 5120K, reserved 638976K
}
Event: 10.209 GC heap after
{Heap after GC invocations=10 (full 0):
 garbage-first heap   total 96256K, used 33408K [0x0000000740000000, 0x0000000800000000)
  region size 2048K, 3 young (6144K), 3 survivors (6144K)
 Metaspace       used 35561K, committed 35968K, reserved 704512K
  class space    used 4930K, committed 5120K, reserved 638976K
}
Event: 10.922 GC heap before
{Heap before GC invocations=11 (full 0):
 garbage-first heap   total 96256K, used 70272K [0x0000000740000000, 0x0000000800000000)
  region size 2048K, 22 young (45056K), 3 survivors (6144K)
 Metaspace       used 38539K, committed 38976K, reserved 704512K
  class space    used 5280K, committed 5504K, reserved 638976K
}
Event: 10.925 GC heap after
{Heap after GC invocations=12 (full 0):
 garbage-first heap   total 96256K, used 34433K [0x0000000740000000, 0x0000000800000000)
  region size 2048K, 2 young (4096K), 2 survivors (4096K)
 Metaspace       used 38539K, committed 38976K, reserved 704512K
  class space    used 5280K, committed 5504K, reserved 638976K
}
Event: 10.930 GC heap before
{Heap before GC invocations=12 (full 0):
 garbage-first heap   total 96256K, used 36481K [0x0000000740000000, 0x0000000800000000)
  region size 2048K, 3 young (6144K), 2 survivors (4096K)
 Metaspace       used 38539K, committed 38976K, reserved 704512K
  class space    used 5280K, committed 5504K, reserved 638976K
}
Event: 10.933 GC heap after
{Heap after GC invocations=13 (full 0):
 garbage-first heap   total 96256K, used 33988K [0x0000000740000000, 0x0000000800000000)
  region size 2048K, 1 young (2048K), 1 survivors (2048K)
 Metaspace       used 38539K, committed 38976K, reserved 704512K
  class space    used 5280K, committed 5504K, reserved 638976K
}
Event: 11.840 GC heap before
{Heap before GC invocations=13 (full 0):
 garbage-first heap   total 96256K, used 70852K [0x0000000740000000, 0x0000000800000000)
  region size 2048K, 20 young (40960K), 1 survivors (2048K)
 Metaspace       used 41474K, committed 42048K, reserved 704512K
  class space    used 5752K, committed 6016K, reserved 638976K
}
Event: 11.844 GC heap after
{Heap after GC invocations=14 (full 0):
 garbage-first heap   total 192512K, used 35843K [0x0000000740000000, 0x0000000800000000)
  region size 2048K, 2 young (4096K), 2 survivors (4096K)
 Metaspace       used 41474K, committed 42048K, reserved 704512K
  class space    used 5752K, committed 6016K, reserved 638976K
}

