# JRE version: OpenJDK Runtime Environment Microsoft-11369865 (17.0.15+6) (build 17.0.15+6-LTS)
# Java VM: OpenJDK 64-Bit Server VM Microsoft-11369865 (17.0.15+6-LTS, mixed mode, sharing, tiered, compressed oops, compressed class ptrs, g1 gc, windows-amd64)
GC Precious Log:
 CPUs: 12 total, 12 available
 Memory: 7835M
 Large Page Support: Disabled
 NUMA Support: Disabled
 Compressed Oops: Enabled (Zero based)
 Heap Region Size: 2M
 Heap Min Capacity: 8M
 Heap Initial Capacity: 124M
 Heap Max Capacity: 3G
 Pre-touch: Disabled
 Parallel Workers: 10
 Concurrent Workers: 3
 Concurrent Refinement Workers: 10
 Periodic GC: Disabled
Heap:
 garbage-first heap   total 487424K, used 349731K [0x0000000740000000, 0x0000000800000000)
  region size 2048K, 5 young (10240K), 5 survivors (10240K)
 Metaspace       used 111256K, committed 113152K, reserved 770048K
  class space    used 15507K, committed 16320K, reserved 638976K
GC Heap History (20 events):
Event: 67.603 GC heap after
{Heap after GC invocations=67 (full 0):
 garbage-first heap   total 397312K, used 301297K [0x0000000740000000, 0x0000000800000000)
  region size 2048K, 3 young (6144K), 3 survivors (6144K)
 Metaspace       used 108961K, committed 110720K, reserved 770048K
  class space    used 15231K, committed 16000K, reserved 638976K
}
Event: 67.674 GC heap before
{Heap before GC invocations=67 (full 0):
 garbage-first heap   total 397312K, used 334065K [0x0000000740000000, 0x0000000800000000)
  region size 2048K, 20 young (40960K), 3 survivors (6144K)
 Metaspace       used 108961K, committed 110720K, reserved 770048K
  class space    used 15231K, committed 16000K, reserved 638976K
}
Event: 67.678 GC heap after
{Heap after GC invocations=68 (full 0):
 garbage-first heap   total 397312K, used 302438K [0x0000000740000000, 0x0000000800000000)
  region size 2048K, 2 young (4096K), 2 survivors (4096K)
 Metaspace       used 108961K, committed 110720K, reserved 770048K
  class space    used 15231K, committed 16000K, reserved 638976K
}
Event: 67.763 GC heap before
{Heap before GC invocations=68 (full 0):
 garbage-first heap   total 397312K, used 337254K [0x0000000740000000, 0x0000000800000000)
  region size 2048K, 20 young (40960K), 2 survivors (4096K)
 Metaspace       used 108961K, committed 110720K, reserved 770048K
  class space    used 15231K, committed 16000K, reserved 638976K
}
Event: 67.766 GC heap after
{Heap after GC invocations=69 (full 0):
 garbage-first heap   total 397312K, used 303472K [0x0000000740000000, 0x0000000800000000)
  region size 2048K, 2 young (4096K), 2 survivors (4096K)
 Metaspace       used 108961K, committed 110720K, reserved 770048K
  class space    used 15231K, committed 16000K, reserved 638976K
}
Event: 67.848 GC heap before
{Heap before GC invocations=69 (full 0):
 garbage-first heap   total 397312K, used 338288K [0x0000000740000000, 0x0000000800000000)
  region size 2048K, 20 young (40960K), 2 survivors (4096K)
 Metaspace       used 108961K, committed 110720K, reserved 770048K
  class space    used 15231K, committed 16000K, reserved 638976K
}
Event: 67.854 GC heap after
{Heap after GC invocations=70 (full 0):
 garbage-first heap   total 487424K, used 304239K [0x0000000740000000, 0x0000000800000000)
  region size 2048K, 2 young (4096K), 2 survivors (4096K)
 Metaspace       used 108961K, committed 110720K, reserved 770048K
  class space    used 15231K, committed 16000K, reserved 638976K
}
Event: 68.684 GC heap before
{Heap before GC invocations=70 (full 0):
 garbage-first heap   total 487424K, used 408687K [0x0000000740000000, 0x0000000800000000)
  region size 2048K, 54 young (110592K), 2 survivors (4096K)
 Metaspace       used 109186K, committed 110976K, reserved 770048K
  class space    used 15256K, committed 16000K, reserved 638976K
}
Event: 68.693 GC heap after
{Heap after GC invocations=71 (full 0):
 garbage-first heap   total 487424K, used 316913K [0x0000000740000000, 0x0000000800000000)
  region size 2048K, 7 young (14336K), 7 survivors (14336K)
 Metaspace       used 109186K, committed 110976K, reserved 770048K
  class space    used 15256K, committed 16000K, reserved 638976K
}
Event: 68.875 GC heap before
{Heap before GC invocations=71 (full 0):
 garbage-first heap   total 487424K, used 404977K [0x0000000740000000, 0x0000000800000000)
  region size 2048K, 51 young (104448K), 7 survivors (14336K)
 Metaspace       used 109186K, committed 110976K, reserved 770048K
  class space    used 15256K, committed 16000K, reserved 638976K
}
Event: 68.882 GC heap after
{Heap after GC invocations=72 (full 0):
 garbage-first heap   total 487424K, used 319798K [0x0000000740000000, 0x0000000800000000)
  region size 2048K, 3 young (6144K), 3 survivors (6144K)
 Metaspace       used 109186K, committed 110976K, reserved 770048K
  class space    used 15256K, committed 16000K, reserved 638976K
}
Event: 69.706 GC heap before
{Heap before GC invocations=72 (full 0):
 garbage-first heap   total 487424K, used 405814K [0x0000000740000000, 0x0000000800000000)
  region size 2048K, 46 young (94208K), 3 survivors (6144K)
 Metaspace       used 109455K, committed 111232K, reserved 770048K
  class space    used 15293K, committed 16064K, reserved 638976K
}
Event: 69.713 GC heap after
{Heap after GC invocations=73 (full 0):
 garbage-first heap   total 487424K, used 329006K [0x0000000740000000, 0x0000000800000000)
  region size 2048K, 6 young (12288K), 6 survivors (12288K)
 Metaspace       used 109455K, committed 111232K, reserved 770048K
  class space    used 15293K, committed 16064K, reserved 638976K
}
Event: 70.983 GC heap before
{Heap before GC invocations=73 (full 0):
 garbage-first heap   total 487424K, used 406830K [0x0000000740000000, 0x0000000800000000)
  region size 2048K, 45 young (92160K), 6 survivors (12288K)
 Metaspace       used 111032K, committed 112896K, reserved 770048K
  class space    used 15480K, committed 16256K, reserved 638976K
}
Event: 70.994 GC heap after
{Heap after GC invocations=74 (full 0):
 garbage-first heap   total 487424K, used 335934K [0x0000000740000000, 0x0000000800000000)
  region size 2048K, 5 young (10240K), 5 survivors (10240K)
 Metaspace       used 111032K, committed 112896K, reserved 770048K
  class space    used 15480K, committed 16256K, reserved 638976K
}
Event: 71.583 GC heap before
{Heap before GC invocations=74 (full 0):
 garbage-first heap   total 487424K, used 405566K [0x0000000740000000, 0x0000000800000000)
  region size 2048K, 40 young (81920K), 5 survivors (10240K)
 Metaspace       used 111137K, committed 112960K, reserved 770048K
  class space    used 15492K, committed 16256K, reserved 638976K
}
Event: 71.602 GC heap after
{Heap after GC invocations=75 (full 0):
 garbage-first heap   total 487424K, used 341503K [0x0000000740000000, 0x0000000800000000)
  region size 2048K, 4 young (8192K), 4 survivors (8192K)
 Metaspace       used 111137K, committed 112960K, reserved 770048K
  class space    used 15492K, committed 16256K, reserved 638976K
}
Event: 71.722 GC heap before
{Heap before GC invocations=75 (full 0):
 garbage-first heap   total 487424K, used 409087K [0x0000000740000000, 0x0000000800000000)
  region size 2048K, 38 young (77824K), 4 survivors (8192K)
 Metaspace       used 111137K, committed 112960K, reserved 770048K
  class space    used 15492K, committed 16256K, reserved 638976K
}
Event: 71.728 GC heap after
{Heap after GC invocations=76 (full 0):
 garbage-first heap   total 487424K, used 342930K [0x0000000740000000, 0x0000000800000000)
  region size 2048K, 2 young (4096K), 2 survivors (4096K)
 Metaspace       used 111137K, committed 112960K, reserved 770048K
  class space    used 15492K, committed 16256K, reserved 638976K
}
Event: 72.281 GC heap before
{Heap before GC invocations=76 (full 0):
 garbage-first heap   total 487424K, used 412562K [0x0000000740000000, 0x0000000800000000)
  region size 2048K, 37 young (75776K), 2 survivors (4096K)
 Metaspace       used 111256K, committed 113152K, reserved 770048K
  class space    used 15507K, committed 16320K, reserved 638976K
}

